0 info it worked if it ends with ok
1 verbose cli [ 'node', '/usr/local/bin/npm', 'install', '-g', 'gulp-cli' ]
2 info using npm@1.4.28
3 info using node@v0.10.33
4 verbose cache add [ 'gulp-cli', null ]
5 verbose cache add name=undefined spec="gulp-cli" args=["gulp-cli",null]
6 verbose parsed url { protocol: null,
6 verbose parsed url   slashes: null,
6 verbose parsed url   auth: null,
6 verbose parsed url   host: null,
6 verbose parsed url   port: null,
6 verbose parsed url   hostname: null,
6 verbose parsed url   hash: null,
6 verbose parsed url   search: null,
6 verbose parsed url   query: null,
6 verbose parsed url   pathname: 'gulp-cli',
6 verbose parsed url   path: 'gulp-cli',
6 verbose parsed url   href: 'gulp-cli' }
7 silly lockFile e23a8be8-gulp-cli gulp-cli
8 verbose lock gulp-cli /Users/albert/.npm/e23a8be8-gulp-cli.lock
9 silly lockFile e23a8be8-gulp-cli gulp-cli
10 silly lockFile e23a8be8-gulp-cli gulp-cli
11 verbose addNamed [ 'gulp-cli', '' ]
12 verbose addNamed [ null, '*' ]
13 silly lockFile dd34a9c8-gulp-cli gulp-cli@
14 verbose lock gulp-cli@ /Users/albert/.npm/dd34a9c8-gulp-cli.lock
15 silly addNameRange { name: 'gulp-cli', range: '*', hasData: false }
16 verbose request where is /gulp-cli
17 verbose request registry https://registry.npmjs.org/
18 verbose request id dec1b9c2e16fa067
19 verbose url raw /gulp-cli
20 verbose url resolving [ 'https://registry.npmjs.org/', './gulp-cli' ]
21 verbose url resolved https://registry.npmjs.org/gulp-cli
22 verbose request where is https://registry.npmjs.org/gulp-cli
23 info trying registry request attempt 1 at 18:27:56
24 http GET https://registry.npmjs.org/gulp-cli
25 http 200 https://registry.npmjs.org/gulp-cli
26 silly registry.get cb [ 200,
26 silly registry.get   { server: 'CouchDB/1.5.0 (Erlang OTP/R16B03)',
26 silly registry.get     etag: '"EYF53GAFZUH8KICPPUSPOMXA6"',
26 silly registry.get     'content-type': 'application/json',
26 silly registry.get     'cache-control': 'max-age=60',
26 silly registry.get     'content-length': '11449',
26 silly registry.get     'accept-ranges': 'bytes',
26 silly registry.get     date: 'Sun, 24 May 2015 16:27:57 GMT',
26 silly registry.get     via: '1.1 varnish',
26 silly registry.get     age: '0',
26 silly registry.get     connection: 'keep-alive',
26 silly registry.get     'x-served-by': 'cache-fra1235-FRA',
26 silly registry.get     'x-cache': 'HIT',
26 silly registry.get     'x-cache-hits': '1',
26 silly registry.get     'x-timer': 'S1432484877.539069,VS0,VE180',
26 silly registry.get     vary: 'Accept' } ]
27 silly addNameRange number 2 { name: 'gulp-cli', range: '*', hasData: true }
28 silly addNameRange versions [ 'gulp-cli', [ '0.1.0', '0.1.3', '0.1.4', '0.1.5', '0.2.0' ] ]
29 verbose addNamed [ 'gulp-cli', '0.2.0' ]
30 verbose addNamed [ '0.2.0', '0.2.0' ]
31 silly lockFile 6e4c32ed-gulp-cli-0-2-0 gulp-cli@0.2.0
32 verbose lock gulp-cli@0.2.0 /Users/albert/.npm/6e4c32ed-gulp-cli-0-2-0.lock
33 silly lockFile 08ce66d5--org-gulp-cli-gulp-cli-0-2-0-tgz https://registry.npmjs.org/gulp-cli/-/gulp-cli-0.2.0.tgz
34 verbose lock https://registry.npmjs.org/gulp-cli/-/gulp-cli-0.2.0.tgz /Users/albert/.npm/08ce66d5--org-gulp-cli-gulp-cli-0-2-0-tgz.lock
35 verbose addRemoteTarball [ 'https://registry.npmjs.org/gulp-cli/-/gulp-cli-0.2.0.tgz',
35 verbose addRemoteTarball   '1002a9bbb4e321ea1b58ec4aea8720107ed0de8e' ]
36 info retry fetch attempt 1 at 18:27:57
37 verbose fetch to= /var/folders/ms/cvls4krn6vn1n93mwshfrs980000gp/T/npm-2275-M-mxiXLJ/registry.npmjs.org/gulp-cli/-/gulp-cli-0.2.0.tgz
38 http GET https://registry.npmjs.org/gulp-cli/-/gulp-cli-0.2.0.tgz
39 http 200 https://registry.npmjs.org/gulp-cli/-/gulp-cli-0.2.0.tgz
40 silly lockFile 08ce66d5--org-gulp-cli-gulp-cli-0-2-0-tgz https://registry.npmjs.org/gulp-cli/-/gulp-cli-0.2.0.tgz
41 silly lockFile 08ce66d5--org-gulp-cli-gulp-cli-0-2-0-tgz https://registry.npmjs.org/gulp-cli/-/gulp-cli-0.2.0.tgz
42 silly lockFile 6e4c32ed-gulp-cli-0-2-0 gulp-cli@0.2.0
43 silly lockFile 6e4c32ed-gulp-cli-0-2-0 gulp-cli@0.2.0
44 silly lockFile dd34a9c8-gulp-cli gulp-cli@
45 silly lockFile dd34a9c8-gulp-cli gulp-cli@
46 silly resolved [ { name: 'gulp-cli',
46 silly resolved     description: 'The streaming build system',
46 silly resolved     version: '0.2.0',
46 silly resolved     homepage: 'http://gulpjs.com',
46 silly resolved     repository: { type: 'git', url: 'https://github.com/gulpjs/gulp-cli' },
46 silly resolved     author:
46 silly resolved      { name: 'Fractal',
46 silly resolved        email: 'contact@wearefractal.com',
46 silly resolved        url: 'http://wearefractal.com/' },
46 silly resolved     tags: [ 'build', 'stream', 'system', 'make', 'tool', 'asset', 'pipeline' ],
46 silly resolved     files: [ 'index.js', 'lib', 'bin', 'completion' ],
46 silly resolved     bin: { gulp: 'bin/gulp.js' },
46 silly resolved     man: [ 'gulp.1' ],
46 silly resolved     dependencies:
46 silly resolved      { archy: '^1.0.0',
46 silly resolved        chalk: '^1.0.0',
46 silly resolved        'gulp-util': '^3.0.0',
46 silly resolved        interpret: '^0.4.1',
46 silly resolved        liftoff: '^2.0.0',
46 silly resolved        minimist: '^1.1.0',
46 silly resolved        'pretty-hrtime': '^0.2.0',
46 silly resolved        semver: '^4.1.0',
46 silly resolved        tildify: '^1.0.0',
46 silly resolved        v8flags: '^2.0.2' },
46 silly resolved     devDependencies:
46 silly resolved      { '6to5': '^2.9.4',
46 silly resolved        code: '^1.2.1',
46 silly resolved        coveralls: '^2.7.0',
46 silly resolved        gulp: '>=3.8.10',
46 silly resolved        istanbul: '^0.3.0',
46 silly resolved        jscs: '^1.11.3',
46 silly resolved        jshint: '^2.5.0',
46 silly resolved        'jshint-stylish': '^1.0.0',
46 silly resolved        lab: '^5.1.0',
46 silly resolved        'marked-man': '^0.1.3' },
46 silly resolved     scripts:
46 silly resolved      { prepublish: 'marked-man --name gulp docs/CLI.md > gulp.1',
46 silly resolved        lint: 'jshint lib index.js --reporter node_modules/jshint-stylish/stylish.js --exclude node_modules && jscs index.js lib bin test',
46 silly resolved        test: 'npm run-script lint && lab -cvm 5000',
46 silly resolved        coveralls: 'istanbul cover _mocha --report lcovonly -- -R spec && cat ./coverage/lcov.info | coveralls && rm -rf ./coverage' },
46 silly resolved     engines: { node: '>= 0.9' },
46 silly resolved     licenses: [ [Object] ],
46 silly resolved     gitHead: 'ef6fef27998309073d6c8c3606e57e3414c0e0a9',
46 silly resolved     bugs: { url: 'https://github.com/gulpjs/gulp-cli/issues' },
46 silly resolved     _id: 'gulp-cli@0.2.0',
46 silly resolved     _shasum: '1002a9bbb4e321ea1b58ec4aea8720107ed0de8e',
46 silly resolved     _from: 'gulp-cli@',
46 silly resolved     _npmVersion: '2.6.0',
46 silly resolved     _nodeVersion: '0.10.36',
46 silly resolved     _npmUser: { name: 'phated', email: 'blaine@iceddev.com' },
46 silly resolved     maintainers: [ [Object], [Object] ],
46 silly resolved     dist:
46 silly resolved      { shasum: '1002a9bbb4e321ea1b58ec4aea8720107ed0de8e',
46 silly resolved        tarball: 'http://registry.npmjs.org/gulp-cli/-/gulp-cli-0.2.0.tgz' },
46 silly resolved     directories: {},
46 silly resolved     _resolved: 'https://registry.npmjs.org/gulp-cli/-/gulp-cli-0.2.0.tgz' } ]
47 info install gulp-cli@0.2.0 into /usr/local/lib
48 info installOne gulp-cli@0.2.0
49 verbose lib/node_modules/gulp-cli unbuild
50 verbose tar unpack /Users/albert/.npm/gulp-cli/0.2.0/package.tgz
51 silly lockFile 61ed2849--local-lib-node-modules-gulp-cli tar:///usr/local/lib/node_modules/gulp-cli
52 verbose lock tar:///usr/local/lib/node_modules/gulp-cli /Users/albert/.npm/61ed2849--local-lib-node-modules-gulp-cli.lock
53 silly lockFile 088fc6f3-t-npm-gulp-cli-0-2-0-package-tgz tar:///Users/albert/.npm/gulp-cli/0.2.0/package.tgz
54 verbose lock tar:///Users/albert/.npm/gulp-cli/0.2.0/package.tgz /Users/albert/.npm/088fc6f3-t-npm-gulp-cli-0-2-0-package-tgz.lock
55 silly gunzTarPerm modes [ '755', '644' ]
56 error Error: EACCES, mkdir '/usr/local/lib/node_modules/gulp-cli'
56 error  { [Error: EACCES, mkdir '/usr/local/lib/node_modules/gulp-cli']
56 error   errno: 3,
56 error   code: 'EACCES',
56 error   path: '/usr/local/lib/node_modules/gulp-cli',
56 error   fstream_type: 'Directory',
56 error   fstream_path: '/usr/local/lib/node_modules/gulp-cli',
56 error   fstream_class: 'DirWriter',
56 error   fstream_stack:
56 error    [ '/usr/local/lib/node_modules/npm/node_modules/fstream/lib/dir-writer.js:36:23',
56 error      '/usr/local/lib/node_modules/npm/node_modules/mkdirp/index.js:46:53',
56 error      'Object.oncomplete (fs.js:107:15)' ] }
57 error Please try running this command again as root/Administrator.
58 error System Darwin 14.0.0
59 error command "node" "/usr/local/bin/npm" "install" "-g" "gulp-cli"
60 error cwd /Users/albert/Documents/scrumpoker
61 error node -v v0.10.33
62 error npm -v 1.4.28
63 error path /usr/local/lib/node_modules/gulp-cli
64 error fstream_path /usr/local/lib/node_modules/gulp-cli
65 error fstream_type Directory
66 error fstream_class DirWriter
67 error code EACCES
68 error errno 3
69 error stack Error: EACCES, mkdir '/usr/local/lib/node_modules/gulp-cli'
70 error fstream_stack /usr/local/lib/node_modules/npm/node_modules/fstream/lib/dir-writer.js:36:23
70 error fstream_stack /usr/local/lib/node_modules/npm/node_modules/mkdirp/index.js:46:53
70 error fstream_stack Object.oncomplete (fs.js:107:15)
71 verbose exit [ 3, true ]
